Determining if the pthread_create exist failed with the following output:
Change Dir: /home/adam/workspace/openGL/games/engine/CMakeFiles/CMakeTmp

Run Build Command:"/usr/bin/make" "cmTC_484ae/fast"
/usr/bin/make -f CMakeFiles/cmTC_484ae.dir/build.make CMakeFiles/cmTC_484ae.dir/build
make[1]: Entering directory '/home/adam/workspace/openGL/games/engine/CMakeFiles/CMakeTmp'
Building C object CMakeFiles/cmTC_484ae.dir/CheckSymbolExists.c.o
/usr/bin/cc     -o CMakeFiles/cmTC_484ae.dir/CheckSymbolExists.c.o   -c /home/adam/workspace/openGL/games/engine/CMakeFiles/CMakeTmp/CheckSymbolExists.c
Linking C executable cmTC_484ae
/usr/bin/cmake -E cmake_link_script CMakeFiles/cmTC_484ae.dir/link.txt --verbose=1
/usr/bin/cc       CMakeFiles/cmTC_484ae.dir/CheckSymbolExists.c.o  -o cmTC_484ae -rdynamic 
CMakeFiles/cmTC_484ae.dir/CheckSymbolExists.c.o: In function `main':
CheckSymbolExists.c:(.text+0x16): undefined reference to `pthread_create'
collect2: error: ld returned 1 exit status
CMakeFiles/cmTC_484ae.dir/build.make:97: recipe for target 'cmTC_484ae' failed
make[1]: *** [cmTC_484ae] Error 1
make[1]: Leaving directory '/home/adam/workspace/openGL/games/engine/CMakeFiles/CMakeTmp'
Makefile:126: recipe for target 'cmTC_484ae/fast' failed
make: *** [cmTC_484ae/fast] Error 2

File /home/adam/workspace/openGL/games/engine/CMakeFiles/CMakeTmp/CheckSymbolExists.c:
/* */
#include <pthread.h>

int main(int argc, char** argv)
{
  (void)argv;
#ifndef pthread_create
  return ((int*)(&pthread_create))[argc];
#else
  (void)argc;
  return 0;
#endif
}

Determining if the function pthread_create exists in the pthreads failed with the following output:
Change Dir: /home/adam/workspace/openGL/games/engine/CMakeFiles/CMakeTmp

Run Build Command:"/usr/bin/make" "cmTC_966b3/fast"
/usr/bin/make -f CMakeFiles/cmTC_966b3.dir/build.make CMakeFiles/cmTC_966b3.dir/build
make[1]: Entering directory '/home/adam/workspace/openGL/games/engine/CMakeFiles/CMakeTmp'
Building C object CMakeFiles/cmTC_966b3.dir/CheckFunctionExists.c.o
/usr/bin/cc    -DCHECK_FUNCTION_EXISTS=pthread_create   -o CMakeFiles/cmTC_966b3.dir/CheckFunctionExists.c.o   -c /usr/share/cmake-3.5/Modules/CheckFunctionExists.c
Linking C executable cmTC_966b3
/usr/bin/cmake -E cmake_link_script CMakeFiles/cmTC_966b3.dir/link.txt --verbose=1
/usr/bin/cc   -DCHECK_FUNCTION_EXISTS=pthread_create    CMakeFiles/cmTC_966b3.dir/CheckFunctionExists.c.o  -o cmTC_966b3 -rdynamic -lpthreads 
/usr/bin/ld: cannot find -lpthreads
collect2: error: ld returned 1 exit status
CMakeFiles/cmTC_966b3.dir/build.make:97: recipe for target 'cmTC_966b3' failed
make[1]: *** [cmTC_966b3] Error 1
make[1]: Leaving directory '/home/adam/workspace/openGL/games/engine/CMakeFiles/CMakeTmp'
Makefile:126: recipe for target 'cmTC_966b3/fast' failed
make: *** [cmTC_966b3/fast] Error 2


